Using pre-set license
Built from '2020.2/staging' branch; Version is '2020.2.5f1 (e2c53f129de5) revision 14861631'; Using compiler version '192528614'; Build Type 'Release'
OS: 'Windows 10 Pro; OS build 19042.1288; Version 2009; 64bit' Language: 'ja' Physical Memory: 16273 MB
BatchMode: 1, IsHumanControllingUs: 0, StartBugReporterOnCrash: 0, Is64bit: 1, IsPro: 0

 COMMAND LINE ARGUMENTS:
C:\Program Files\Unity\2020.2.5f1\Editor\Unity.exe
-adb2
-batchMode
-noUpm
-name
AssetImportWorker1
-projectPath
E:/プログラマー/10.15
-logFile
Logs/AssetImportWorker1.log
-srvPort
61097
Successfully changed project path to: E:/プログラマー/10.15
E:/プログラマー/10.15
Using Asset Import Pipeline V2.
Refreshing native plugins compatible for Editor in 26.43 ms, found 1 plugins.
Preloading 0 native plugins for Editor in 0.00 ms.
Initialize engine version: 2020.2.5f1 (e2c53f129de5)
[Subsystems] Discovering subsystems at path C:/Program Files/Unity/2020.2.5f1/Editor/Data/Resources/UnitySubsystems
[Subsystems] Discovering subsystems at path E:/プログラマー/10.15/Assets
GfxDevice: creating device client; threaded=0
Direct3D:
    Version:  Direct3D 11.0 [level 11.1]
    Renderer: NVIDIA GeForce RTX 2060 (ID=0x1f08)
    Vendor:   
    VRAM:     5980 MB
    Driver:   30.0.14.7212
Initialize mono
Mono path[0] = 'C:/Program Files/Unity/2020.2.5f1/Editor/Data/Managed'
Mono path[1] = 'C:/Program Files/Unity/2020.2.5f1/Editor/Data/MonoBleedingEdge/lib/mono/unityjit'
Mono config path = 'C:/Program Files/Unity/2020.2.5f1/Editor/Data/MonoBleedingEdge/etc'
Using monoOptions --debugger-agent=transport=dt_socket,embedding=1,server=y,suspend=n,address=127.0.0.1:56196
Begin MonoManager ReloadAssembly
Registering precompiled unity dll's ...
Register platform support module: C:/Program Files/Unity/2020.2.5f1/Editor/Data/PlaybackEngines/WindowsStandaloneSupport/UnityEditor.WindowsStandalone.Extensions.dll
Registered in 0.001824 seconds.
Native extension for WindowsStandalone target not found
Refreshing native plugins compatible for Editor in 27.39 ms, found 1 plugins.
Preloading 0 native plugins for Editor in 0.00 ms.
Invoked RoslynAnalysisRunner static constructor.
RoslynAnalysisRunner will not be running.
RoslynAnalysisRunner has terminated.
Mono: successfully reloaded assembly
- Completed reload, in  0.869 seconds
Platform modules already initialized, skipping
Registering precompiled user dll's ...
Registered in 0.000654 seconds.
Begin MonoManager ReloadAssembly
Native extension for WindowsStandalone target not found
Refreshing native plugins compatible for Editor in 26.75 ms, found 1 plugins.
Preloading 0 native plugins for Editor in 0.00 ms.
Invoked RoslynAnalysisRunner static constructor.
RoslynAnalysisRunner will not be running.
RoslynAnalysisRunner has terminated.
Mono: successfully reloaded assembly
- Completed reload, in  0.719 seconds
Platform modules already initialized, skipping
========================================================================
Worker process is ready to serve import requests
Launched and connected shader compiler UnityShaderCompiler.exe after 0.05 seconds
Refreshing native plugins compatible for Editor in 0.51 ms, found 1 plugins.
Preloading 0 native plugins for Editor in 0.00 ms.
Unloading 1813 Unused Serialized files (Serialized files now loaded: 0)
System memory in use before: 87.8 MB.
System memory in use after: 87.8 MB.

Unloading 24 unused Assets to reduce memory usage. Loaded Objects now: 2256.
Total: 1.790800 ms (FindLiveObjects: 0.201700 ms CreateObjectMapping: 0.080800 ms MarkObjects: 1.410300 ms  DeleteObjects: 0.097400 ms)

========================================================================
Received Import Request.
  path: Assets/Users/Taishikatsu/背景(未調整).jpg
  artifactKey: Guid(c79dd68098290b649ac01395d04c5b64) Importer(815301076,1909f56bfc062723c751e8b465ee728b)
Start importing Assets/Users/Taishikatsu/背景(未調整).jpg using Guid(c79dd68098290b649ac01395d04c5b64) Importer(815301076,1909f56bfc062723c751e8b465ee728b)  -> (artifact id: '669325bfee70c3fdd029edb2cc15452a') in 0.129551 seconds
  Import took 0.132134 seconds .

========================================================================
Received Import Request.
  Time since last request: 0.000154 seconds.
  path: Assets/Users/Taishikatsu
  artifactKey: Guid(ed40281e18a89b7469be59b07ebd0f1d) Importer(815301076,1909f56bfc062723c751e8b465ee728b)
Start importing Assets/Users/Taishikatsu using Guid(ed40281e18a89b7469be59b07ebd0f1d) Importer(815301076,1909f56bfc062723c751e8b465ee728b)  -> (artifact id: '58c00575a47c5ead89f653fd15ce6fd5') in 0.004882 seconds
  Import took 0.007385 seconds .

========================================================================
Received Import Request.
  Time since last request: 0.000139 seconds.
  path: Assets/Users/Taishikatsu/Start.unity
  artifactKey: Guid(b8c920247579932409694aac04fee386) Importer(815301076,1909f56bfc062723c751e8b465ee728b)
Start importing Assets/Users/Taishikatsu/Start.unity using Guid(b8c920247579932409694aac04fee386) Importer(815301076,1909f56bfc062723c751e8b465ee728b)  -> (artifact id: 'ea90d2b457460cf61b3045a65e4ce49b') in 0.005058 seconds
  Import took 0.007035 seconds .

========================================================================
Received Import Request.
  Time since last request: 0.000141 seconds.
  path: Assets/Users/Taishikatsu/背景(調整1).jpg
  artifactKey: Guid(f611f9b7c7a890e4086cfa0911759710) Importer(815301076,1909f56bfc062723c751e8b465ee728b)
Start importing Assets/Users/Taishikatsu/背景(調整1).jpg using Guid(f611f9b7c7a890e4086cfa0911759710) Importer(815301076,1909f56bfc062723c751e8b465ee728b)  -> (artifact id: '9f9cea25a33871d894d28736e8e4b1ec') in 0.017015 seconds
  Import took 0.019570 seconds .

========================================================================
Received Import Request.
  Time since last request: 0.000143 seconds.
  path: Assets/Users/Taishikatsu/タイトルロゴ.png
  artifactKey: Guid(7c1f2ff6aa725da419937cec92a0c256) Importer(815301076,1909f56bfc062723c751e8b465ee728b)
Start importing Assets/Users/Taishikatsu/タイトルロゴ.png using Guid(7c1f2ff6aa725da419937cec92a0c256) Importer(815301076,1909f56bfc062723c751e8b465ee728b)  -> (artifact id: '777cd1ea5ef54d0e51a02e824a6bf6f0') in 0.017681 seconds
  Import took 0.019869 seconds .

========================================================================
Received Import Request.
  Time since last request: 136.754183 seconds.
  path: Assets/Fonts/SATSUKIGENDAIMINCHO-M.TTF
  artifactKey: Guid(a9f213908ab975548a179585b2ad7d91) Importer(815301076,1909f56bfc062723c751e8b465ee728b)
Start importing Assets/Fonts/SATSUKIGENDAIMINCHO-M.TTF using Guid(a9f213908ab975548a179585b2ad7d91) Importer(815301076,1909f56bfc062723c751e8b465ee728b)  -> (artifact id: '60d53ba8c023bc0eb4f2e88f0f2fc75e') in 0.051762 seconds
  Import took 0.055579 seconds .

========================================================================
Received Import Request.
  Time since last request: 0.000181 seconds.
  path: Assets/Fonts/ふぉんとうは怖い明朝体.OTF
  artifactKey: Guid(f563c6b0c4933d143bb0c134e27dd1ec) Importer(815301076,1909f56bfc062723c751e8b465ee728b)
Start importing Assets/Fonts/ふぉんとうは怖い明朝体.OTF using Guid(f563c6b0c4933d143bb0c134e27dd1ec) Importer(815301076,1909f56bfc062723c751e8b465ee728b)  -> (artifact id: 'ed2371e1d8b7f479895cd2f15d7d6130') in 0.016505 seconds
  Import took 0.020000 seconds .

========================================================================
Received Import Request.
  Time since last request: 4.750483 seconds.
  path: Assets/Scenes/MainScene.unity
  artifactKey: Guid(2cda990e2423bbf4892e6590ba056729) Importer(815301076,1909f56bfc062723c751e8b465ee728b)
Start importing Assets/Scenes/MainScene.unity using Guid(2cda990e2423bbf4892e6590ba056729) Importer(815301076,1909f56bfc062723c751e8b465ee728b)  -> (artifact id: '01e217965e8ab06cda0292928ae652f4') in 0.005020 seconds
  Import took 0.007843 seconds .

========================================================================
Received Import Request.
  Time since last request: 0.000553 seconds.
  path: Assets/Scenes/MainScene.unity
  artifactKey: Guid(2cda990e2423bbf4892e6590ba056729) Importer(815301076,1909f56bfc062723c751e8b465ee728b)
Start importing Assets/Scenes/MainScene.unity using Guid(2cda990e2423bbf4892e6590ba056729) Importer(815301076,1909f56bfc062723c751e8b465ee728b)  -> (artifact id: '01e217965e8ab06cda0292928ae652f4') in 0.001823 seconds
  Import took 0.004034 seconds .

========================================================================
Received Import Request.
  Time since last request: 142.401606 seconds.
  path: Assets/C#/New Folder
  artifactKey: Guid(f156e516666e21643bebe6d59500ade7) Importer(815301076,1909f56bfc062723c751e8b465ee728b)
Start importing Assets/C#/New Folder using Guid(f156e516666e21643bebe6d59500ade7) Importer(815301076,1909f56bfc062723c751e8b465ee728b)  -> (artifact id: 'ff8c78f4f019e5702d787cb2bfec5f2c') in 0.004878 seconds
  Import took 0.007429 seconds .

========================================================================
Received Import Request.
  Time since last request: 62.230788 seconds.
  path: Assets/C#/SceneC#
  artifactKey: Guid(f156e516666e21643bebe6d59500ade7) Importer(815301076,1909f56bfc062723c751e8b465ee728b)
Start importing Assets/C#/SceneC# using Guid(f156e516666e21643bebe6d59500ade7) Importer(815301076,1909f56bfc062723c751e8b465ee728b)  -> (artifact id: '2a0074eacbf8d882e0ea90483b8ec2cc') in 0.004827 seconds
  Import took 0.007385 seconds .

========================================================================
Received Import Request.
  Time since last request: 21.761858 seconds.
  path: Assets/C#/SceneC#/SceneManager.cs
  artifactKey: Guid(9a7933ac33d0abb4c9edc07e2b935822) Importer(815301076,1909f56bfc062723c751e8b465ee728b)
Start importing Assets/C#/SceneC#/SceneManager.cs using Guid(9a7933ac33d0abb4c9edc07e2b935822) Importer(815301076,1909f56bfc062723c751e8b465ee728b)  -> (artifact id: 'a58ac05e68d7f5e81418d3775c1bf9b1') in 0.009713 seconds
  Import took 0.012159 seconds .

========================================================================
Received Prepare
Registering precompiled user dll's ...
Registered in 0.000699 seconds.
Begin MonoManager ReloadAssembly
Native extension for WindowsStandalone target not found
Refreshing native plugins compatible for Editor in 0.32 ms, found 1 plugins.
Preloading 0 native plugins for Editor in 0.00 ms.
Invoked RoslynAnalysisRunner static constructor.
RoslynAnalysisRunner will not be running.
RoslynAnalysisRunner has terminated.
Mono: successfully reloaded assembly
- Completed reload, in  0.710 seconds
Platform modules already initialized, skipping
Switching build target platform(5) subTarget(0) extendedPlatform(0) -> platform(9) subTarget(16777218) extendedPlatform(0)
Refreshing native plugins compatible for Editor in 0.30 ms, found 1 plugins.
Preloading 0 native plugins for Editor in 0.00 ms.
Unloading 1812 Unused Serialized files (Serialized files now loaded: 0)
System memory in use before: 91.3 MB.
System memory in use after: 91.3 MB.

Unloading 12 unused Assets to reduce memory usage. Loaded Objects now: 2310.
Total: 1.725300 ms (FindLiveObjects: 0.179100 ms CreateObjectMapping: 0.066100 ms MarkObjects: 1.394500 ms  DeleteObjects: 0.084800 ms)

AssetImportParameters requested are different than current active one (requested -> active):
  custom:graphics/normal-map-encoding: 01000000000000000000000000000000 -> 02000000000000000000000000000000
========================================================================
Received Prepare
Registering precompiled user dll's ...
Registered in 0.000645 seconds.
Begin MonoManager ReloadAssembly
Native extension for WindowsStandalone target not found
Refreshing native plugins compatible for Editor in 0.30 ms, found 1 plugins.
Preloading 0 native plugins for Editor in 0.00 ms.
Invoked RoslynAnalysisRunner static constructor.
RoslynAnalysisRunner will not be running.
RoslynAnalysisRunner has terminated.
Mono: successfully reloaded assembly
- Completed reload, in  0.663 seconds
Platform modules already initialized, skipping
Switching build target platform(5) subTarget(0) extendedPlatform(0) -> platform(9) subTarget(16777218) extendedPlatform(0)
Refreshing native plugins compatible for Editor in 0.29 ms, found 1 plugins.
Preloading 0 native plugins for Editor in 0.00 ms.
Unloading 1812 Unused Serialized files (Serialized files now loaded: 0)
System memory in use before: 91.4 MB.
System memory in use after: 91.3 MB.

Unloading 12 unused Assets to reduce memory usage. Loaded Objects now: 2314.
Total: 1.755100 ms (FindLiveObjects: 0.193800 ms CreateObjectMapping: 0.073700 ms MarkObjects: 1.402500 ms  DeleteObjects: 0.084200 ms)

AssetImportParameters requested are different than current active one (requested -> active):
  custom:graphics/normal-map-encoding: 01000000000000000000000000000000 -> 02000000000000000000000000000000
========================================================================
Received Import Request.
  Time since last request: 253.679421 seconds.
  path: Assets/C#/SceneC#/SceneManager.cs
  artifactKey: Guid(9a7933ac33d0abb4c9edc07e2b935822) Importer(815301076,1909f56bfc062723c751e8b465ee728b)
Start importing Assets/C#/SceneC#/SceneManager.cs using Guid(9a7933ac33d0abb4c9edc07e2b935822) Importer(815301076,1909f56bfc062723c751e8b465ee728b)  -> (artifact id: 'a01ac057c3afb8a05883ead0b8695835') in 0.003581 seconds
  Import took 0.005825 seconds .

========================================================================
Received Import Request.
  Time since last request: 3.717659 seconds.
  path: Assets/C#/SceneC#/Scene.cs
  artifactKey: Guid(9a7933ac33d0abb4c9edc07e2b935822) Importer(815301076,1909f56bfc062723c751e8b465ee728b)
Start importing Assets/C#/SceneC#/Scene.cs using Guid(9a7933ac33d0abb4c9edc07e2b935822) Importer(815301076,1909f56bfc062723c751e8b465ee728b)  -> (artifact id: '6c8e1cd50a227f4070788257ebfdba87') in 0.004925 seconds
  Import took 0.007247 seconds .

========================================================================
Received Prepare
Registering precompiled user dll's ...
Registered in 0.000661 seconds.
Begin MonoManager ReloadAssembly
Native extension for WindowsStandalone target not found
Refreshing native plugins compatible for Editor in 0.45 ms, found 1 plugins.
Preloading 0 native plugins for Editor in 0.00 ms.
Invoked RoslynAnalysisRunner static constructor.
RoslynAnalysisRunner will not be running.
RoslynAnalysisRunner has terminated.
Mono: successfully reloaded assembly
- Completed reload, in  0.689 seconds
Platform modules already initialized, skipping
Switching build target platform(5) subTarget(0) extendedPlatform(0) -> platform(9) subTarget(16777218) extendedPlatform(0)
Refreshing native plugins compatible for Editor in 0.30 ms, found 1 plugins.
Preloading 0 native plugins for Editor in 0.00 ms.
Unloading 1812 Unused Serialized files (Serialized files now loaded: 0)
System memory in use before: 91.4 MB.
System memory in use after: 91.3 MB.

Unloading 12 unused Assets to reduce memory usage. Loaded Objects now: 2318.
Total: 1.685400 ms (FindLiveObjects: 0.194900 ms CreateObjectMapping: 0.078800 ms MarkObjects: 1.328400 ms  DeleteObjects: 0.082400 ms)

AssetImportParameters requested are different than current active one (requested -> active):
  custom:graphics/normal-map-encoding: 01000000000000000000000000000000 -> 02000000000000000000000000000000
========================================================================
Received Prepare
Registering precompiled user dll's ...
Registered in 0.000700 seconds.
Begin MonoManager ReloadAssembly
Native extension for WindowsStandalone target not found
Refreshing native plugins compatible for Editor in 0.32 ms, found 1 plugins.
Preloading 0 native plugins for Editor in 0.00 ms.
Invoked RoslynAnalysisRunner static constructor.
RoslynAnalysisRunner will not be running.
RoslynAnalysisRunner has terminated.
Mono: successfully reloaded assembly
- Completed reload, in  0.677 seconds
Platform modules already initialized, skipping
Switching build target platform(5) subTarget(0) extendedPlatform(0) -> platform(9) subTarget(16777218) extendedPlatform(0)
Refreshing native plugins compatible for Editor in 0.31 ms, found 1 plugins.
Preloading 0 native plugins for Editor in 0.00 ms.
Unloading 1812 Unused Serialized files (Serialized files now loaded: 0)
System memory in use before: 91.4 MB.
System memory in use after: 91.4 MB.

Unloading 12 unused Assets to reduce memory usage. Loaded Objects now: 2322.
Total: 1.616500 ms (FindLiveObjects: 0.165600 ms CreateObjectMapping: 0.058800 ms MarkObjects: 1.310600 ms  DeleteObjects: 0.080800 ms)

AssetImportParameters requested are different than current active one (requested -> active):
  custom:graphics/normal-map-encoding: 01000000000000000000000000000000 -> 02000000000000000000000000000000
========================================================================
Received Prepare
Registering precompiled user dll's ...
Registered in 0.000705 seconds.
Begin MonoManager ReloadAssembly
Native extension for WindowsStandalone target not found
Refreshing native plugins compatible for Editor in 0.36 ms, found 1 plugins.
Preloading 0 native plugins for Editor in 0.00 ms.
Invoked RoslynAnalysisRunner static constructor.
RoslynAnalysisRunner will not be running.
RoslynAnalysisRunner has terminated.
Mono: successfully reloaded assembly
- Completed reload, in  0.675 seconds
Platform modules already initialized, skipping
Switching build target platform(5) subTarget(0) extendedPlatform(0) -> platform(9) subTarget(16777218) extendedPlatform(0)
Refreshing native plugins compatible for Editor in 0.31 ms, found 1 plugins.
Preloading 0 native plugins for Editor in 0.00 ms.
Unloading 1812 Unused Serialized files (Serialized files now loaded: 0)
System memory in use before: 91.4 MB.
System memory in use after: 91.4 MB.

Unloading 12 unused Assets to reduce memory usage. Loaded Objects now: 2326.
Total: 1.762100 ms (FindLiveObjects: 0.246800 ms CreateObjectMapping: 0.085100 ms MarkObjects: 1.344600 ms  DeleteObjects: 0.084600 ms)

AssetImportParameters requested are different than current active one (requested -> active):
  custom:graphics/normal-map-encoding: 01000000000000000000000000000000 -> 02000000000000000000000000000000
========================================================================
Received Prepare
Registering precompiled user dll's ...
Registered in 0.000674 seconds.
Begin MonoManager ReloadAssembly
Native extension for WindowsStandalone target not found
Refreshing native plugins compatible for Editor in 0.50 ms, found 1 plugins.
Preloading 0 native plugins for Editor in 0.00 ms.
Invoked RoslynAnalysisRunner static constructor.
RoslynAnalysisRunner will not be running.
RoslynAnalysisRunner has terminated.
Mono: successfully reloaded assembly
- Completed reload, in  0.680 seconds
Platform modules already initialized, skipping
Switching build target platform(5) subTarget(0) extendedPlatform(0) -> platform(9) subTarget(16777218) extendedPlatform(0)
Refreshing native plugins compatible for Editor in 0.31 ms, found 1 plugins.
Preloading 0 native plugins for Editor in 0.00 ms.
Unloading 1812 Unused Serialized files (Serialized files now loaded: 0)
System memory in use before: 91.4 MB.
System memory in use after: 91.4 MB.

Unloading 12 unused Assets to reduce memory usage. Loaded Objects now: 2330.
Total: 1.561800 ms (FindLiveObjects: 0.154600 ms CreateObjectMapping: 0.053400 ms MarkObjects: 1.272800 ms  DeleteObjects: 0.080200 ms)

AssetImportParameters requested are different than current active one (requested -> active):
  custom:graphics/normal-map-encoding: 01000000000000000000000000000000 -> 02000000000000000000000000000000
========================================================================
Received Prepare
Registering precompiled user dll's ...
Registered in 0.000683 seconds.
Begin MonoManager ReloadAssembly
Native extension for WindowsStandalone target not found
Refreshing native plugins compatible for Editor in 0.30 ms, found 1 plugins.
Preloading 0 native plugins for Editor in 0.00 ms.
Invoked RoslynAnalysisRunner static constructor.
RoslynAnalysisRunner will not be running.
RoslynAnalysisRunner has terminated.
Mono: successfully reloaded assembly
- Completed reload, in  0.683 seconds
Platform modules already initialized, skipping
Switching build target platform(5) subTarget(0) extendedPlatform(0) -> platform(9) subTarget(16777218) extendedPlatform(0)
Refreshing native plugins compatible for Editor in 0.30 ms, found 1 plugins.
Preloading 0 native plugins for Editor in 0.00 ms.
Unloading 1812 Unused Serialized files (Serialized files now loaded: 0)
System memory in use before: 91.4 MB.
System memory in use after: 91.4 MB.

Unloading 12 unused Assets to reduce memory usage. Loaded Objects now: 2334.
Total: 1.624600 ms (FindLiveObjects: 0.176200 ms CreateObjectMapping: 0.062900 ms MarkObjects: 1.304500 ms  DeleteObjects: 0.080200 ms)

AssetImportParameters requested are different than current active one (requested -> active):
  custom:graphics/normal-map-encoding: 01000000000000000000000000000000 -> 02000000000000000000000000000000
========================================================================
Received Prepare
Registering precompiled user dll's ...
Registered in 0.000687 seconds.
Begin MonoManager ReloadAssembly
Native extension for WindowsStandalone target not found
Refreshing native plugins compatible for Editor in 0.30 ms, found 1 plugins.
Preloading 0 native plugins for Editor in 0.00 ms.
Invoked RoslynAnalysisRunner static constructor.
RoslynAnalysisRunner will not be running.
RoslynAnalysisRunner has terminated.
Mono: successfully reloaded assembly
- Completed reload, in  0.699 seconds
Platform modules already initialized, skipping
Switching build target platform(5) subTarget(0) extendedPlatform(0) -> platform(9) subTarget(16777218) extendedPlatform(0)
Refreshing native plugins compatible for Editor in 0.31 ms, found 1 plugins.
Preloading 0 native plugins for Editor in 0.00 ms.
Unloading 1812 Unused Serialized files (Serialized files now loaded: 0)
System memory in use before: 91.4 MB.
System memory in use after: 91.4 MB.

Unloading 12 unused Assets to reduce memory usage. Loaded Objects now: 2338.
Total: 1.648000 ms (FindLiveObjects: 0.160800 ms CreateObjectMapping: 0.055100 ms MarkObjects: 1.348200 ms  DeleteObjects: 0.083000 ms)

AssetImportParameters requested are different than current active one (requested -> active):
  custom:graphics/normal-map-encoding: 01000000000000000000000000000000 -> 02000000000000000000000000000000
========================================================================
Received Import Request.
  Time since last request: 417.706703 seconds.
  path: Assets/Scenes/Start.unity
  artifactKey: Guid(b8c920247579932409694aac04fee386) Importer(815301076,1909f56bfc062723c751e8b465ee728b)
Start importing Assets/Scenes/Start.unity using Guid(b8c920247579932409694aac04fee386) Importer(815301076,1909f56bfc062723c751e8b465ee728b)  -> (artifact id: '15015394c36b8a1918d08a8864316adc') in 0.008913 seconds
  Import took 0.011962 seconds .

AssetImportWorkerClient::OnTransportError - code=2 error=End of file
