Using pre-set license
Built from '2020.2/staging' branch; Version is '2020.2.5f1 (e2c53f129de5) revision 14861631'; Using compiler version '192528614'; Build Type 'Release'
OS: 'Windows 10 Pro; OS build 19042.1288; Version 2009; 64bit' Language: 'ja' Physical Memory: 16273 MB
BatchMode: 1, IsHumanControllingUs: 0, StartBugReporterOnCrash: 0, Is64bit: 1, IsPro: 0

 COMMAND LINE ARGUMENTS:
C:\Program Files\Unity\2020.2.5f1\Editor\Unity.exe
-adb2
-batchMode
-noUpm
-name
AssetImportWorker0
-projectPath
E:/プログラマー/10.15
-logFile
Logs/AssetImportWorker0.log
-srvPort
56758
Successfully changed project path to: E:/プログラマー/10.15
E:/プログラマー/10.15
Using Asset Import Pipeline V2.
Refreshing native plugins compatible for Editor in 26.81 ms, found 1 plugins.
Preloading 0 native plugins for Editor in 0.00 ms.
Initialize engine version: 2020.2.5f1 (e2c53f129de5)
[Subsystems] Discovering subsystems at path C:/Program Files/Unity/2020.2.5f1/Editor/Data/Resources/UnitySubsystems
[Subsystems] Discovering subsystems at path E:/プログラマー/10.15/Assets
GfxDevice: creating device client; threaded=0
Direct3D:
    Version:  Direct3D 11.0 [level 11.1]
    Renderer: NVIDIA GeForce RTX 2060 (ID=0x1f08)
    Vendor:   
    VRAM:     5980 MB
    Driver:   30.0.14.7212
Initialize mono
Mono path[0] = 'C:/Program Files/Unity/2020.2.5f1/Editor/Data/Managed'
Mono path[1] = 'C:/Program Files/Unity/2020.2.5f1/Editor/Data/MonoBleedingEdge/lib/mono/unityjit'
Mono config path = 'C:/Program Files/Unity/2020.2.5f1/Editor/Data/MonoBleedingEdge/etc'
Using monoOptions --debugger-agent=transport=dt_socket,embedding=1,server=y,suspend=n,address=127.0.0.1:56900
Begin MonoManager ReloadAssembly
Registering precompiled unity dll's ...
Register platform support module: C:/Program Files/Unity/2020.2.5f1/Editor/Data/PlaybackEngines/WindowsStandaloneSupport/UnityEditor.WindowsStandalone.Extensions.dll
Registered in 0.001717 seconds.
Native extension for WindowsStandalone target not found
Refreshing native plugins compatible for Editor in 26.64 ms, found 1 plugins.
Preloading 0 native plugins for Editor in 0.00 ms.
Invoked RoslynAnalysisRunner static constructor.
RoslynAnalysisRunner will not be running.
RoslynAnalysisRunner has terminated.
Mono: successfully reloaded assembly
- Completed reload, in  0.837 seconds
Platform modules already initialized, skipping
Registering precompiled user dll's ...
Registered in 0.000701 seconds.
Begin MonoManager ReloadAssembly
Native extension for WindowsStandalone target not found
Refreshing native plugins compatible for Editor in 26.35 ms, found 1 plugins.
Preloading 0 native plugins for Editor in 0.00 ms.
Invoked RoslynAnalysisRunner static constructor.
RoslynAnalysisRunner will not be running.
RoslynAnalysisRunner has terminated.
Mono: successfully reloaded assembly
- Completed reload, in  0.693 seconds
Platform modules already initialized, skipping
========================================================================
Worker process is ready to serve import requests
Launched and connected shader compiler UnityShaderCompiler.exe after 0.05 seconds
Refreshing native plugins compatible for Editor in 0.34 ms, found 1 plugins.
Preloading 0 native plugins for Editor in 0.00 ms.
Unloading 1811 Unused Serialized files (Serialized files now loaded: 0)
System memory in use before: 87.5 MB.
System memory in use after: 87.5 MB.

Unloading 24 unused Assets to reduce memory usage. Loaded Objects now: 2252.
Total: 1.797600 ms (FindLiveObjects: 0.197400 ms CreateObjectMapping: 0.081500 ms MarkObjects: 1.421500 ms  DeleteObjects: 0.096300 ms)

========================================================================
Received Import Request.
  path: Assets/Prefab/3.prefab
  artifactKey: Guid(ee4b29076839fb24eb3696db6b84489d) Importer(815301076,1909f56bfc062723c751e8b465ee728b)
Start importing Assets/Prefab/3.prefab using Guid(ee4b29076839fb24eb3696db6b84489d) Importer(815301076,1909f56bfc062723c751e8b465ee728b)  -> (artifact id: '3e281456ad1d99d6255fe57a83c25c09') in 0.107856 seconds
  Import took 0.110606 seconds .

========================================================================
Received Import Request.
  Time since last request: 0.000208 seconds.
  path: Assets/Prefab/Myself 1.prefab
  artifactKey: Guid(3cbe9ad51898a6a4ea52eb7757d8f086) Importer(815301076,1909f56bfc062723c751e8b465ee728b)
Start importing Assets/Prefab/Myself 1.prefab using Guid(3cbe9ad51898a6a4ea52eb7757d8f086) Importer(815301076,1909f56bfc062723c751e8b465ee728b)  -> (artifact id: '1a6fae560a9a2493934e7bc2f499aa69') in 0.056816 seconds
  Import took 0.059264 seconds .

========================================================================
Received Import Request.
  Time since last request: 0.000211 seconds.
  path: Assets/Prefab/2.prefab
  artifactKey: Guid(b73ae41ac50531b4d8e586469e039e20) Importer(815301076,1909f56bfc062723c751e8b465ee728b)
Start importing Assets/Prefab/2.prefab using Guid(b73ae41ac50531b4d8e586469e039e20) Importer(815301076,1909f56bfc062723c751e8b465ee728b)  -> (artifact id: '319d5f582e887b4f179c654555f00f5d') in 0.016839 seconds
  Import took 0.019568 seconds .

========================================================================
Received Import Request.
  Time since last request: 0.000150 seconds.
  path: Assets/Prefab/Myself 4.prefab
  artifactKey: Guid(3e0d459ad48b18e4cb42c502d5a1c068) Importer(815301076,1909f56bfc062723c751e8b465ee728b)
Start importing Assets/Prefab/Myself 4.prefab using Guid(3e0d459ad48b18e4cb42c502d5a1c068) Importer(815301076,1909f56bfc062723c751e8b465ee728b)  -> (artifact id: '6a72d254f142e72fb874c2c4e02a3879') in 0.014325 seconds
  Import took 0.017024 seconds .

========================================================================
Received Import Request.
  Time since last request: 0.000158 seconds.
  path: Assets/Prefab/1.prefab
  artifactKey: Guid(98a72ff8c2838c643965fc95450305c0) Importer(815301076,1909f56bfc062723c751e8b465ee728b)
Start importing Assets/Prefab/1.prefab using Guid(98a72ff8c2838c643965fc95450305c0) Importer(815301076,1909f56bfc062723c751e8b465ee728b)  -> (artifact id: 'de239543f9a3e7e84c84365ccded002f') in 0.017556 seconds
  Import took 0.020383 seconds .

========================================================================
Received Import Request.
  Time since last request: 0.000176 seconds.
  path: Assets/Picture/画像3.png
  artifactKey: Guid(5b53b8a72183f3f44afbf6140b50253d) Importer(815301076,1909f56bfc062723c751e8b465ee728b)
Start importing Assets/Picture/画像3.png using Guid(5b53b8a72183f3f44afbf6140b50253d) Importer(815301076,1909f56bfc062723c751e8b465ee728b)  -> (artifact id: 'fceffd25a27999b1ea5cfed9e079b825') in 0.052677 seconds
  Import took 0.054979 seconds .

========================================================================
Received Import Request.
  Time since last request: 0.000138 seconds.
  path: Assets/Picture/1.jpg
  artifactKey: Guid(52afcafaf02300d4090d82b162edcd6b) Importer(815301076,1909f56bfc062723c751e8b465ee728b)
Start importing Assets/Picture/1.jpg using Guid(52afcafaf02300d4090d82b162edcd6b) Importer(815301076,1909f56bfc062723c751e8b465ee728b)  -> (artifact id: '5e73681a45def97075511ab05ded47e1') in 0.021262 seconds
  Import took 0.024206 seconds .

========================================================================
Received Import Request.
  Time since last request: 0.000164 seconds.
  path: Assets/Prefab/Myself 2.prefab
  artifactKey: Guid(ea02424f0574b534dbb62ae48e17a600) Importer(815301076,1909f56bfc062723c751e8b465ee728b)
Start importing Assets/Prefab/Myself 2.prefab using Guid(ea02424f0574b534dbb62ae48e17a600) Importer(815301076,1909f56bfc062723c751e8b465ee728b)  -> (artifact id: '2fa112e672c604a5861aed45a8beb48c') in 0.015442 seconds
  Import took 0.018380 seconds .

========================================================================
Received Import Request.
  Time since last request: 0.000160 seconds.
  path: Assets/Prefab/4.prefab
  artifactKey: Guid(c77b59db8d2d8e24d803e361784ce1ca) Importer(815301076,1909f56bfc062723c751e8b465ee728b)
Start importing Assets/Prefab/4.prefab using Guid(c77b59db8d2d8e24d803e361784ce1ca) Importer(815301076,1909f56bfc062723c751e8b465ee728b)  -> (artifact id: 'afd89426b5582c245078a1b71165d54e') in 0.017200 seconds
  Import took 0.020110 seconds .

========================================================================
Received Import Request.
  Time since last request: 0.000168 seconds.
  path: Assets/Picture/2.jpg
  artifactKey: Guid(7f1166427f018ea449594c5f3d1e05d0) Importer(815301076,1909f56bfc062723c751e8b465ee728b)
Start importing Assets/Picture/2.jpg using Guid(7f1166427f018ea449594c5f3d1e05d0) Importer(815301076,1909f56bfc062723c751e8b465ee728b)  -> (artifact id: '6d7c42ca5ce70641f73004c9d96d4e4a') in 0.019207 seconds
  Import took 0.022464 seconds .

========================================================================
Received Import Request.
  Time since last request: 0.000150 seconds.
  path: Assets/Picture/画像4.png
  artifactKey: Guid(efd2808e043301f43b8a2380e15df658) Importer(815301076,1909f56bfc062723c751e8b465ee728b)
Start importing Assets/Picture/画像4.png using Guid(efd2808e043301f43b8a2380e15df658) Importer(815301076,1909f56bfc062723c751e8b465ee728b)  -> (artifact id: 'e6b08853e64dc71c8879421cf9b7db4f') in 0.009145 seconds
  Import took 0.011465 seconds .

========================================================================
Received Import Request.
  Time since last request: 0.000190 seconds.
  path: Assets/Picture/画像1.png
  artifactKey: Guid(d5ce2340dc1856245a23e964358b73ea) Importer(815301076,1909f56bfc062723c751e8b465ee728b)
Start importing Assets/Picture/画像1.png using Guid(d5ce2340dc1856245a23e964358b73ea) Importer(815301076,1909f56bfc062723c751e8b465ee728b)  -> (artifact id: '94bdafed125aa27c8b6f880fb96aebd5') in 0.008571 seconds
  Import took 0.010919 seconds .

========================================================================
Received Import Request.
  Time since last request: 0.000155 seconds.
  path: Assets/Picture/3.jpg
  artifactKey: Guid(4af43d3d4cdcb4a48947e7e1b59645a3) Importer(815301076,1909f56bfc062723c751e8b465ee728b)
Start importing Assets/Picture/3.jpg using Guid(4af43d3d4cdcb4a48947e7e1b59645a3) Importer(815301076,1909f56bfc062723c751e8b465ee728b)  -> (artifact id: '76e42cf0c92189a129360d7df02164ac') in 0.017399 seconds
  Import took 0.020114 seconds .

========================================================================
Received Import Request.
  Time since last request: 0.000200 seconds.
  path: Assets/Prefab/Myself 3.prefab
  artifactKey: Guid(2d2befff5e0736f48a0821903b007be0) Importer(815301076,1909f56bfc062723c751e8b465ee728b)
Start importing Assets/Prefab/Myself 3.prefab using Guid(2d2befff5e0736f48a0821903b007be0) Importer(815301076,1909f56bfc062723c751e8b465ee728b)  -> (artifact id: 'ce3408bd0c469d7785c969f55dc042aa') in 0.016470 seconds
  Import took 0.019421 seconds .

========================================================================
Received Import Request.
  Time since last request: 0.000183 seconds.
  path: Assets/Picture/画像2.png
  artifactKey: Guid(2c8091186dff9d54f838b57ba6922b80) Importer(815301076,1909f56bfc062723c751e8b465ee728b)
Start importing Assets/Picture/画像2.png using Guid(2c8091186dff9d54f838b57ba6922b80) Importer(815301076,1909f56bfc062723c751e8b465ee728b)  -> (artifact id: '83e1fc57da6e5b0b6a026d2179614ee0') in 0.010529 seconds
  Import took 0.012903 seconds .

========================================================================
Received Import Request.
  Time since last request: 0.000165 seconds.
  path: Assets/Picture/4.jpg
  artifactKey: Guid(c019cb8815cdc064ab1915b9835e6814) Importer(815301076,1909f56bfc062723c751e8b465ee728b)
Start importing Assets/Picture/4.jpg using Guid(c019cb8815cdc064ab1915b9835e6814) Importer(815301076,1909f56bfc062723c751e8b465ee728b)  -> (artifact id: '5e7044fb7910a1149ff98d8591d4be72') in 0.017657 seconds
  Import took 0.020956 seconds .

========================================================================
Received Import Request.
  Time since last request: 0.000168 seconds.
  path: Assets/Picture/CCCCCC.png
  artifactKey: Guid(0d7cd4d6f44595946a990fee811cd46b) Importer(815301076,1909f56bfc062723c751e8b465ee728b)
Start importing Assets/Picture/CCCCCC.png using Guid(0d7cd4d6f44595946a990fee811cd46b) Importer(815301076,1909f56bfc062723c751e8b465ee728b)  -> (artifact id: 'f92761c34782af3eab7ab6ee52f9d4fe') in 0.011549 seconds
  Import took 0.014045 seconds .

========================================================================
Received Import Request.
  Time since last request: 0.000137 seconds.
  path: Assets/Picture/人間.png
  artifactKey: Guid(e9d342872d0ce494e92b09d30511daba) Importer(815301076,1909f56bfc062723c751e8b465ee728b)
Start importing Assets/Picture/人間.png using Guid(e9d342872d0ce494e92b09d30511daba) Importer(815301076,1909f56bfc062723c751e8b465ee728b)  -> (artifact id: 'e6dcca10a69a62ddfb1046de0d720abd') in 0.010721 seconds
  Import took 0.012986 seconds .

========================================================================
Received Import Request.
  Time since last request: 816.146879 seconds.
  path: Assets/Prefab/Myself 1.prefab
  artifactKey: Guid(3cbe9ad51898a6a4ea52eb7757d8f086) Importer(815301076,1909f56bfc062723c751e8b465ee728b)
Start importing Assets/Prefab/Myself 1.prefab using Guid(3cbe9ad51898a6a4ea52eb7757d8f086) Importer(815301076,1909f56bfc062723c751e8b465ee728b)  -> (artifact id: 'c9018fdce9afeb03b5836c46140bac03') in 0.015755 seconds
  Import took 0.018966 seconds .

========================================================================
Received Import Request.
  Time since last request: 5.395979 seconds.
  path: Assets/Prefab/Myself 1.prefab
  artifactKey: Guid(3cbe9ad51898a6a4ea52eb7757d8f086) Importer(815301076,1909f56bfc062723c751e8b465ee728b)
Start importing Assets/Prefab/Myself 1.prefab using Guid(3cbe9ad51898a6a4ea52eb7757d8f086) Importer(815301076,1909f56bfc062723c751e8b465ee728b)  -> (artifact id: 'aa657b28337ceca52eb0c76522138b09') in 0.011839 seconds
  Import took 0.014759 seconds .

========================================================================
Received Import Request.
  Time since last request: 2.395039 seconds.
  path: Assets/Prefab/Myself 1.prefab
  artifactKey: Guid(3cbe9ad51898a6a4ea52eb7757d8f086) Importer(815301076,1909f56bfc062723c751e8b465ee728b)
Start importing Assets/Prefab/Myself 1.prefab using Guid(3cbe9ad51898a6a4ea52eb7757d8f086) Importer(815301076,1909f56bfc062723c751e8b465ee728b)  -> (artifact id: '81751e7bef09896029525044738bb725') in 0.011987 seconds
  Import took 0.014932 seconds .

========================================================================
Received Import Request.
  Time since last request: 2.001757 seconds.
  path: Assets/Prefab/Myself 1.prefab
  artifactKey: Guid(3cbe9ad51898a6a4ea52eb7757d8f086) Importer(815301076,1909f56bfc062723c751e8b465ee728b)
Start importing Assets/Prefab/Myself 1.prefab using Guid(3cbe9ad51898a6a4ea52eb7757d8f086) Importer(815301076,1909f56bfc062723c751e8b465ee728b)  -> (artifact id: 'c932306a34dd4534917513c670383feb') in 0.011602 seconds
  Import took 0.014443 seconds .

========================================================================
Received Import Request.
  Time since last request: 1.395374 seconds.
  path: Assets/Prefab/Myself 1.prefab
  artifactKey: Guid(3cbe9ad51898a6a4ea52eb7757d8f086) Importer(815301076,1909f56bfc062723c751e8b465ee728b)
Start importing Assets/Prefab/Myself 1.prefab using Guid(3cbe9ad51898a6a4ea52eb7757d8f086) Importer(815301076,1909f56bfc062723c751e8b465ee728b)  -> (artifact id: 'cc47acfb34800c58813ee71149607002') in 0.012428 seconds
  Import took 0.015418 seconds .

========================================================================
Received Import Request.
  Time since last request: 0.992998 seconds.
  path: Assets/Prefab/Myself 1.prefab
  artifactKey: Guid(3cbe9ad51898a6a4ea52eb7757d8f086) Importer(815301076,1909f56bfc062723c751e8b465ee728b)
Start importing Assets/Prefab/Myself 1.prefab using Guid(3cbe9ad51898a6a4ea52eb7757d8f086) Importer(815301076,1909f56bfc062723c751e8b465ee728b)  -> (artifact id: 'fb305b51aa10ca335a7aa62d7b91375f') in 0.013017 seconds
  Import took 0.016172 seconds .

========================================================================
Received Import Request.
  Time since last request: 4.216750 seconds.
  path: Assets/Prefab/Myself 1.prefab
  artifactKey: Guid(3cbe9ad51898a6a4ea52eb7757d8f086) Importer(815301076,1909f56bfc062723c751e8b465ee728b)
Start importing Assets/Prefab/Myself 1.prefab using Guid(3cbe9ad51898a6a4ea52eb7757d8f086) Importer(815301076,1909f56bfc062723c751e8b465ee728b)  -> (artifact id: 'ba8548fa8b0363d50225915c8b319029') in 0.011733 seconds
  Import took 0.014727 seconds .

========================================================================
Received Import Request.
  Time since last request: 478.172698 seconds.
  path: Assets/C#/MoveButton.cs
  artifactKey: Guid(8a9fc55f4a657574d9875880033712de) Importer(815301076,1909f56bfc062723c751e8b465ee728b)
Start importing Assets/C#/MoveButton.cs using Guid(8a9fc55f4a657574d9875880033712de) Importer(815301076,1909f56bfc062723c751e8b465ee728b)  -> (artifact id: '1284bf6933d73799a0675835688cf324') in 0.009256 seconds
  Import took 0.012031 seconds .

========================================================================
Received Prepare
Registering precompiled user dll's ...
Registered in 0.000785 seconds.
Begin MonoManager ReloadAssembly
Native extension for WindowsStandalone target not found
Refreshing native plugins compatible for Editor in 0.30 ms, found 1 plugins.
Preloading 0 native plugins for Editor in 0.00 ms.
Invoked RoslynAnalysisRunner static constructor.
RoslynAnalysisRunner will not be running.
RoslynAnalysisRunner has terminated.
Mono: successfully reloaded assembly
- Completed reload, in  0.665 seconds
Platform modules already initialized, skipping
Switching build target platform(5) subTarget(0) extendedPlatform(0) -> platform(9) subTarget(16777218) extendedPlatform(0)
Refreshing native plugins compatible for Editor in 0.30 ms, found 1 plugins.
Preloading 0 native plugins for Editor in 0.00 ms.
Unloading 1809 Unused Serialized files (Serialized files now loaded: 0)
System memory in use before: 90.7 MB.
System memory in use after: 90.7 MB.

Unloading 12 unused Assets to reduce memory usage. Loaded Objects now: 2271.
Total: 1.682200 ms (FindLiveObjects: 0.149100 ms CreateObjectMapping: 0.051100 ms MarkObjects: 1.394700 ms  DeleteObjects: 0.086600 ms)

AssetImportParameters requested are different than current active one (requested -> active):
  custom:graphics/normal-map-encoding: 01000000000000000000000000000000 -> 02000000000000000000000000000000
========================================================================
Received Prepare
Registering precompiled user dll's ...
Registered in 0.000751 seconds.
Begin MonoManager ReloadAssembly
Native extension for WindowsStandalone target not found
Refreshing native plugins compatible for Editor in 0.31 ms, found 1 plugins.
Preloading 0 native plugins for Editor in 0.00 ms.
Invoked RoslynAnalysisRunner static constructor.
RoslynAnalysisRunner will not be running.
RoslynAnalysisRunner has terminated.
Mono: successfully reloaded assembly
- Completed reload, in  0.680 seconds
Platform modules already initialized, skipping
Switching build target platform(5) subTarget(0) extendedPlatform(0) -> platform(9) subTarget(16777218) extendedPlatform(0)
Refreshing native plugins compatible for Editor in 0.31 ms, found 1 plugins.
Preloading 0 native plugins for Editor in 0.00 ms.
Unloading 1809 Unused Serialized files (Serialized files now loaded: 0)
System memory in use before: 90.7 MB.
System memory in use after: 90.7 MB.

Unloading 12 unused Assets to reduce memory usage. Loaded Objects now: 2275.
Total: 1.549200 ms (FindLiveObjects: 0.173800 ms CreateObjectMapping: 0.061900 ms MarkObjects: 1.236600 ms  DeleteObjects: 0.076400 ms)

AssetImportParameters requested are different than current active one (requested -> active):
  custom:graphics/normal-map-encoding: 01000000000000000000000000000000 -> 02000000000000000000000000000000
========================================================================
Received Prepare
Registering precompiled user dll's ...
Registered in 0.000807 seconds.
Begin MonoManager ReloadAssembly
Native extension for WindowsStandalone target not found
Refreshing native plugins compatible for Editor in 0.30 ms, found 1 plugins.
Preloading 0 native plugins for Editor in 0.00 ms.
Invoked RoslynAnalysisRunner static constructor.
RoslynAnalysisRunner will not be running.
RoslynAnalysisRunner has terminated.
Mono: successfully reloaded assembly
- Completed reload, in  0.690 seconds
Platform modules already initialized, skipping
Switching build target platform(5) subTarget(0) extendedPlatform(0) -> platform(9) subTarget(16777218) extendedPlatform(0)
Refreshing native plugins compatible for Editor in 0.29 ms, found 1 plugins.
Preloading 0 native plugins for Editor in 0.00 ms.
Unloading 1809 Unused Serialized files (Serialized files now loaded: 0)
System memory in use before: 90.8 MB.
System memory in use after: 90.7 MB.

Unloading 12 unused Assets to reduce memory usage. Loaded Objects now: 2279.
Total: 1.634900 ms (FindLiveObjects: 0.212400 ms CreateObjectMapping: 0.062300 ms MarkObjects: 1.279600 ms  DeleteObjects: 0.079800 ms)

AssetImportParameters requested are different than current active one (requested -> active):
  custom:graphics/normal-map-encoding: 01000000000000000000000000000000 -> 02000000000000000000000000000000
========================================================================
Received Prepare
Registering precompiled user dll's ...
Registered in 0.000752 seconds.
Begin MonoManager ReloadAssembly
Native extension for WindowsStandalone target not found
Refreshing native plugins compatible for Editor in 0.30 ms, found 1 plugins.
Preloading 0 native plugins for Editor in 0.00 ms.
Invoked RoslynAnalysisRunner static constructor.
RoslynAnalysisRunner will not be running.
RoslynAnalysisRunner has terminated.
Mono: successfully reloaded assembly
- Completed reload, in  0.659 seconds
Platform modules already initialized, skipping
Switching build target platform(5) subTarget(0) extendedPlatform(0) -> platform(9) subTarget(16777218) extendedPlatform(0)
Refreshing native plugins compatible for Editor in 0.33 ms, found 1 plugins.
Preloading 0 native plugins for Editor in 0.00 ms.
Unloading 1809 Unused Serialized files (Serialized files now loaded: 0)
System memory in use before: 90.7 MB.
System memory in use after: 90.7 MB.

Unloading 12 unused Assets to reduce memory usage. Loaded Objects now: 2283.
Total: 1.581700 ms (FindLiveObjects: 0.216400 ms CreateObjectMapping: 0.071700 ms MarkObjects: 1.210600 ms  DeleteObjects: 0.082200 ms)

AssetImportParameters requested are different than current active one (requested -> active):
  custom:graphics/normal-map-encoding: 01000000000000000000000000000000 -> 02000000000000000000000000000000
========================================================================
Received Prepare
Registering precompiled user dll's ...
Registered in 0.000760 seconds.
Begin MonoManager ReloadAssembly
Native extension for WindowsStandalone target not found
Refreshing native plugins compatible for Editor in 0.31 ms, found 1 plugins.
Preloading 0 native plugins for Editor in 0.00 ms.
Invoked RoslynAnalysisRunner static constructor.
RoslynAnalysisRunner will not be running.
RoslynAnalysisRunner has terminated.
Mono: successfully reloaded assembly
- Completed reload, in  0.691 seconds
Platform modules already initialized, skipping
Switching build target platform(5) subTarget(0) extendedPlatform(0) -> platform(9) subTarget(16777218) extendedPlatform(0)
Refreshing native plugins compatible for Editor in 0.31 ms, found 1 plugins.
Preloading 0 native plugins for Editor in 0.00 ms.
Unloading 1809 Unused Serialized files (Serialized files now loaded: 0)
System memory in use before: 90.8 MB.
System memory in use after: 90.7 MB.

Unloading 12 unused Assets to reduce memory usage. Loaded Objects now: 2287.
Total: 1.584400 ms (FindLiveObjects: 0.167900 ms CreateObjectMapping: 0.078800 ms MarkObjects: 1.250800 ms  DeleteObjects: 0.086200 ms)

AssetImportParameters requested are different than current active one (requested -> active):
  custom:graphics/normal-map-encoding: 01000000000000000000000000000000 -> 02000000000000000000000000000000
========================================================================
Received Prepare
Registering precompiled user dll's ...
Registered in 0.000925 seconds.
Begin MonoManager ReloadAssembly
Native extension for WindowsStandalone target not found
Refreshing native plugins compatible for Editor in 0.33 ms, found 1 plugins.
Preloading 0 native plugins for Editor in 0.00 ms.
Invoked RoslynAnalysisRunner static constructor.
RoslynAnalysisRunner will not be running.
RoslynAnalysisRunner has terminated.
Mono: successfully reloaded assembly
- Completed reload, in  0.726 seconds
Platform modules already initialized, skipping
Switching build target platform(5) subTarget(0) extendedPlatform(0) -> platform(9) subTarget(16777218) extendedPlatform(0)
Refreshing native plugins compatible for Editor in 0.31 ms, found 1 plugins.
Preloading 0 native plugins for Editor in 0.00 ms.
Unloading 1809 Unused Serialized files (Serialized files now loaded: 0)
System memory in use before: 90.8 MB.
System memory in use after: 90.8 MB.

Unloading 12 unused Assets to reduce memory usage. Loaded Objects now: 2291.
Total: 1.710800 ms (FindLiveObjects: 0.184100 ms CreateObjectMapping: 0.063300 ms MarkObjects: 1.379800 ms  DeleteObjects: 0.082900 ms)

AssetImportParameters requested are different than current active one (requested -> active):
  custom:graphics/normal-map-encoding: 01000000000000000000000000000000 -> 02000000000000000000000000000000
========================================================================
Received Prepare
Registering precompiled user dll's ...
Registered in 0.000716 seconds.
Begin MonoManager ReloadAssembly
Native extension for WindowsStandalone target not found
Refreshing native plugins compatible for Editor in 0.30 ms, found 1 plugins.
Preloading 0 native plugins for Editor in 0.00 ms.
Invoked RoslynAnalysisRunner static constructor.
RoslynAnalysisRunner will not be running.
RoslynAnalysisRunner has terminated.
Mono: successfully reloaded assembly
- Completed reload, in  0.671 seconds
Platform modules already initialized, skipping
Switching build target platform(5) subTarget(0) extendedPlatform(0) -> platform(9) subTarget(16777218) extendedPlatform(0)
Refreshing native plugins compatible for Editor in 0.29 ms, found 1 plugins.
Preloading 0 native plugins for Editor in 0.00 ms.
Unloading 1809 Unused Serialized files (Serialized files now loaded: 0)
System memory in use before: 90.8 MB.
System memory in use after: 90.8 MB.

Unloading 12 unused Assets to reduce memory usage. Loaded Objects now: 2295.
Total: 1.509000 ms (FindLiveObjects: 0.138200 ms CreateObjectMapping: 0.047600 ms MarkObjects: 1.245700 ms  DeleteObjects: 0.076800 ms)

AssetImportParameters requested are different than current active one (requested -> active):
  custom:graphics/normal-map-encoding: 01000000000000000000000000000000 -> 02000000000000000000000000000000
========================================================================
Received Prepare
Registering precompiled user dll's ...
Registered in 0.000677 seconds.
Begin MonoManager ReloadAssembly
Native extension for WindowsStandalone target not found
Refreshing native plugins compatible for Editor in 0.31 ms, found 1 plugins.
Preloading 0 native plugins for Editor in 0.00 ms.
Invoked RoslynAnalysisRunner static constructor.
RoslynAnalysisRunner will not be running.
RoslynAnalysisRunner has terminated.
Mono: successfully reloaded assembly
- Completed reload, in  0.672 seconds
Platform modules already initialized, skipping
Switching build target platform(5) subTarget(0) extendedPlatform(0) -> platform(9) subTarget(16777218) extendedPlatform(0)
Refreshing native plugins compatible for Editor in 0.28 ms, found 1 plugins.
Preloading 0 native plugins for Editor in 0.00 ms.
Unloading 1809 Unused Serialized files (Serialized files now loaded: 0)
System memory in use before: 90.8 MB.
System memory in use after: 90.8 MB.

Unloading 12 unused Assets to reduce memory usage. Loaded Objects now: 2299.
Total: 1.662800 ms (FindLiveObjects: 0.164100 ms CreateObjectMapping: 0.062900 ms MarkObjects: 1.357000 ms  DeleteObjects: 0.077800 ms)

AssetImportParameters requested are different than current active one (requested -> active):
  custom:graphics/normal-map-encoding: 01000000000000000000000000000000 -> 02000000000000000000000000000000
========================================================================
Received Prepare
Registering precompiled user dll's ...
Registered in 0.000789 seconds.
Begin MonoManager ReloadAssembly
Native extension for WindowsStandalone target not found
Refreshing native plugins compatible for Editor in 0.31 ms, found 1 plugins.
Preloading 0 native plugins for Editor in 0.00 ms.
Invoked RoslynAnalysisRunner static constructor.
RoslynAnalysisRunner will not be running.
RoslynAnalysisRunner has terminated.
Mono: successfully reloaded assembly
- Completed reload, in  0.739 seconds
Platform modules already initialized, skipping
Switching build target platform(5) subTarget(0) extendedPlatform(0) -> platform(9) subTarget(16777218) extendedPlatform(0)
Refreshing native plugins compatible for Editor in 0.30 ms, found 1 plugins.
Preloading 0 native plugins for Editor in 0.00 ms.
Unloading 1809 Unused Serialized files (Serialized files now loaded: 0)
System memory in use before: 90.8 MB.
System memory in use after: 90.8 MB.

Unloading 12 unused Assets to reduce memory usage. Loaded Objects now: 2303.
Total: 1.620300 ms (FindLiveObjects: 0.163300 ms CreateObjectMapping: 0.054500 ms MarkObjects: 1.316300 ms  DeleteObjects: 0.085200 ms)

AssetImportParameters requested are different than current active one (requested -> active):
  custom:graphics/normal-map-encoding: 01000000000000000000000000000000 -> 02000000000000000000000000000000
========================================================================
Received Prepare
Registering precompiled user dll's ...
Registered in 0.000781 seconds.
Begin MonoManager ReloadAssembly
Native extension for WindowsStandalone target not found
Refreshing native plugins compatible for Editor in 0.29 ms, found 1 plugins.
Preloading 0 native plugins for Editor in 0.00 ms.
Invoked RoslynAnalysisRunner static constructor.
RoslynAnalysisRunner will not be running.
RoslynAnalysisRunner has terminated.
Mono: successfully reloaded assembly
- Completed reload, in  0.686 seconds
Platform modules already initialized, skipping
Switching build target platform(5) subTarget(0) extendedPlatform(0) -> platform(9) subTarget(16777218) extendedPlatform(0)
Refreshing native plugins compatible for Editor in 0.30 ms, found 1 plugins.
Preloading 0 native plugins for Editor in 0.00 ms.
Unloading 1809 Unused Serialized files (Serialized files now loaded: 0)
System memory in use before: 90.8 MB.
System memory in use after: 90.8 MB.

Unloading 12 unused Assets to reduce memory usage. Loaded Objects now: 2307.
Total: 1.578000 ms (FindLiveObjects: 0.172100 ms CreateObjectMapping: 0.061000 ms MarkObjects: 1.260200 ms  DeleteObjects: 0.083800 ms)

AssetImportParameters requested are different than current active one (requested -> active):
  custom:graphics/normal-map-encoding: 01000000000000000000000000000000 -> 02000000000000000000000000000000
========================================================================
Received Import Request.
  Time since last request: 1237.713851 seconds.
  path: Assets/C#/MoveButton.cs
  artifactKey: Guid(8a9fc55f4a657574d9875880033712de) Importer(815301076,1909f56bfc062723c751e8b465ee728b)
Start importing Assets/C#/MoveButton.cs using Guid(8a9fc55f4a657574d9875880033712de) Importer(815301076,1909f56bfc062723c751e8b465ee728b)  -> (artifact id: '99a5a50797833d6637680b8dcd68a01a') in 0.007617 seconds
  Import took 0.010587 seconds .

========================================================================
Received Prepare
Registering precompiled user dll's ...
Registered in 0.000709 seconds.
Begin MonoManager ReloadAssembly
Native extension for WindowsStandalone target not found
Refreshing native plugins compatible for Editor in 0.29 ms, found 1 plugins.
Preloading 0 native plugins for Editor in 0.00 ms.
Invoked RoslynAnalysisRunner static constructor.
RoslynAnalysisRunner will not be running.
RoslynAnalysisRunner has terminated.
Mono: successfully reloaded assembly
- Completed reload, in  0.684 seconds
Platform modules already initialized, skipping
Switching build target platform(5) subTarget(0) extendedPlatform(0) -> platform(9) subTarget(16777218) extendedPlatform(0)
Refreshing native plugins compatible for Editor in 0.34 ms, found 1 plugins.
Preloading 0 native plugins for Editor in 0.00 ms.
Unloading 1809 Unused Serialized files (Serialized files now loaded: 0)
System memory in use before: 90.8 MB.
System memory in use after: 90.8 MB.

Unloading 12 unused Assets to reduce memory usage. Loaded Objects now: 2311.
Total: 1.546700 ms (FindLiveObjects: 0.157300 ms CreateObjectMapping: 0.056700 ms MarkObjects: 1.251300 ms  DeleteObjects: 0.080400 ms)

AssetImportParameters requested are different than current active one (requested -> active):
  custom:graphics/normal-map-encoding: 01000000000000000000000000000000 -> 02000000000000000000000000000000
========================================================================
Received Import Request.
  Time since last request: 21.956565 seconds.
  path: Assets/C#/MoveButton.cs
  artifactKey: Guid(8a9fc55f4a657574d9875880033712de) Importer(815301076,1909f56bfc062723c751e8b465ee728b)
Start importing Assets/C#/MoveButton.cs using Guid(8a9fc55f4a657574d9875880033712de) Importer(815301076,1909f56bfc062723c751e8b465ee728b)  -> (artifact id: 'f375804453ea5cdb4465a3877eb4a0a7') in 0.003641 seconds
  Import took 0.005752 seconds .

========================================================================
Received Prepare
Registering precompiled user dll's ...
Registered in 0.000683 seconds.
Begin MonoManager ReloadAssembly
Native extension for WindowsStandalone target not found
Refreshing native plugins compatible for Editor in 0.30 ms, found 1 plugins.
Preloading 0 native plugins for Editor in 0.00 ms.
Invoked RoslynAnalysisRunner static constructor.
RoslynAnalysisRunner will not be running.
RoslynAnalysisRunner has terminated.
Mono: successfully reloaded assembly
- Completed reload, in  0.695 seconds
Platform modules already initialized, skipping
Switching build target platform(5) subTarget(0) extendedPlatform(0) -> platform(9) subTarget(16777218) extendedPlatform(0)
Refreshing native plugins compatible for Editor in 0.29 ms, found 1 plugins.
Preloading 0 native plugins for Editor in 0.00 ms.
Unloading 1809 Unused Serialized files (Serialized files now loaded: 0)
System memory in use before: 90.8 MB.
System memory in use after: 90.8 MB.

Unloading 12 unused Assets to reduce memory usage. Loaded Objects now: 2315.
Total: 1.696600 ms (FindLiveObjects: 0.189400 ms CreateObjectMapping: 0.066600 ms MarkObjects: 1.362300 ms  DeleteObjects: 0.077500 ms)

AssetImportParameters requested are different than current active one (requested -> active):
  custom:graphics/normal-map-encoding: 01000000000000000000000000000000 -> 02000000000000000000000000000000
========================================================================
Received Import Request.
  Time since last request: 24.548939 seconds.
  path: Assets/C#/MoveButton.cs
  artifactKey: Guid(8a9fc55f4a657574d9875880033712de) Importer(815301076,1909f56bfc062723c751e8b465ee728b)
Start importing Assets/C#/MoveButton.cs using Guid(8a9fc55f4a657574d9875880033712de) Importer(815301076,1909f56bfc062723c751e8b465ee728b)  -> (artifact id: '0dac7269365e60da59c2ec2eb129b6f0') in 0.003598 seconds
  Import took 0.005824 seconds .

========================================================================
Received Prepare
Registering precompiled user dll's ...
Registered in 0.000787 seconds.
Begin MonoManager ReloadAssembly
Native extension for WindowsStandalone target not found
Refreshing native plugins compatible for Editor in 0.54 ms, found 1 plugins.
Preloading 0 native plugins for Editor in 0.00 ms.
Invoked RoslynAnalysisRunner static constructor.
RoslynAnalysisRunner will not be running.
RoslynAnalysisRunner has terminated.
Mono: successfully reloaded assembly
- Completed reload, in  0.767 seconds
Platform modules already initialized, skipping
Switching build target platform(5) subTarget(0) extendedPlatform(0) -> platform(9) subTarget(16777218) extendedPlatform(0)
Refreshing native plugins compatible for Editor in 0.31 ms, found 1 plugins.
Preloading 0 native plugins for Editor in 0.00 ms.
Unloading 1809 Unused Serialized files (Serialized files now loaded: 0)
System memory in use before: 90.8 MB.
System memory in use after: 90.8 MB.

Unloading 12 unused Assets to reduce memory usage. Loaded Objects now: 2319.
Total: 1.747400 ms (FindLiveObjects: 0.190300 ms CreateObjectMapping: 0.075100 ms MarkObjects: 1.391900 ms  DeleteObjects: 0.089400 ms)

AssetImportParameters requested are different than current active one (requested -> active):
  custom:graphics/normal-map-encoding: 01000000000000000000000000000000 -> 02000000000000000000000000000000
========================================================================
Received Prepare
Registering precompiled user dll's ...
Registered in 0.000698 seconds.
Begin MonoManager ReloadAssembly
Native extension for WindowsStandalone target not found
Refreshing native plugins compatible for Editor in 0.30 ms, found 1 plugins.
Preloading 0 native plugins for Editor in 0.00 ms.
Invoked RoslynAnalysisRunner static constructor.
RoslynAnalysisRunner will not be running.
RoslynAnalysisRunner has terminated.
Mono: successfully reloaded assembly
- Completed reload, in  0.717 seconds
Platform modules already initialized, skipping
Switching build target platform(5) subTarget(0) extendedPlatform(0) -> platform(9) subTarget(16777218) extendedPlatform(0)
Refreshing native plugins compatible for Editor in 0.29 ms, found 1 plugins.
Preloading 0 native plugins for Editor in 0.00 ms.
Unloading 1809 Unused Serialized files (Serialized files now loaded: 0)
System memory in use before: 90.8 MB.
System memory in use after: 90.8 MB.

Unloading 12 unused Assets to reduce memory usage. Loaded Objects now: 2323.
Total: 1.572200 ms (FindLiveObjects: 0.174500 ms CreateObjectMapping: 0.058600 ms MarkObjects: 1.251200 ms  DeleteObjects: 0.087200 ms)

AssetImportParameters requested are different than current active one (requested -> active):
  custom:graphics/normal-map-encoding: 01000000000000000000000000000000 -> 02000000000000000000000000000000
========================================================================
Received Prepare
Registering precompiled user dll's ...
Registered in 0.000704 seconds.
Begin MonoManager ReloadAssembly
Native extension for WindowsStandalone target not found
Refreshing native plugins compatible for Editor in 0.30 ms, found 1 plugins.
Preloading 0 native plugins for Editor in 0.00 ms.
Invoked RoslynAnalysisRunner static constructor.
RoslynAnalysisRunner will not be running.
RoslynAnalysisRunner has terminated.
Mono: successfully reloaded assembly
- Completed reload, in  0.718 seconds
Platform modules already initialized, skipping
Switching build target platform(5) subTarget(0) extendedPlatform(0) -> platform(9) subTarget(16777218) extendedPlatform(0)
Refreshing native plugins compatible for Editor in 0.29 ms, found 1 plugins.
Preloading 0 native plugins for Editor in 0.00 ms.
Unloading 1809 Unused Serialized files (Serialized files now loaded: 0)
System memory in use before: 90.8 MB.
System memory in use after: 90.8 MB.

Unloading 12 unused Assets to reduce memory usage. Loaded Objects now: 2327.
Total: 1.717200 ms (FindLiveObjects: 0.220300 ms CreateObjectMapping: 0.079400 ms MarkObjects: 1.334100 ms  DeleteObjects: 0.082500 ms)

AssetImportParameters requested are different than current active one (requested -> active):
  custom:graphics/normal-map-encoding: 01000000000000000000000000000000 -> 02000000000000000000000000000000
========================================================================
Received Prepare
Registering precompiled user dll's ...
Registered in 0.000723 seconds.
Begin MonoManager ReloadAssembly
Native extension for WindowsStandalone target not found
Refreshing native plugins compatible for Editor in 0.31 ms, found 1 plugins.
Preloading 0 native plugins for Editor in 0.00 ms.
Invoked RoslynAnalysisRunner static constructor.
RoslynAnalysisRunner will not be running.
RoslynAnalysisRunner has terminated.
Mono: successfully reloaded assembly
- Completed reload, in  0.722 seconds
Platform modules already initialized, skipping
Switching build target platform(5) subTarget(0) extendedPlatform(0) -> platform(9) subTarget(16777218) extendedPlatform(0)
Refreshing native plugins compatible for Editor in 0.32 ms, found 1 plugins.
Preloading 0 native plugins for Editor in 0.00 ms.
Unloading 1809 Unused Serialized files (Serialized files now loaded: 0)
System memory in use before: 90.8 MB.
System memory in use after: 90.8 MB.

Unloading 12 unused Assets to reduce memory usage. Loaded Objects now: 2331.
Total: 1.644200 ms (FindLiveObjects: 0.156400 ms CreateObjectMapping: 0.053700 ms MarkObjects: 1.352600 ms  DeleteObjects: 0.080900 ms)

AssetImportParameters requested are different than current active one (requested -> active):
  custom:graphics/normal-map-encoding: 01000000000000000000000000000000 -> 02000000000000000000000000000000
========================================================================
Received Import Request.
  Time since last request: 1599.092798 seconds.
  path: Assets/Prefab/2 1.prefab
  artifactKey: Guid(a67f754133d6e304b8ba03490a355638) Importer(815301076,1909f56bfc062723c751e8b465ee728b)
Start importing Assets/Prefab/2 1.prefab using Guid(a67f754133d6e304b8ba03490a355638) Importer(815301076,1909f56bfc062723c751e8b465ee728b)  -> (artifact id: 'c0af9b60df21e604d41abfecf52e35ea') in 0.063805 seconds
  Import took 0.066571 seconds .

========================================================================
Received Prepare
Registering precompiled user dll's ...
Registered in 0.000767 seconds.
Begin MonoManager ReloadAssembly
Native extension for WindowsStandalone target not found
Refreshing native plugins compatible for Editor in 0.31 ms, found 1 plugins.
Preloading 0 native plugins for Editor in 0.00 ms.
Invoked RoslynAnalysisRunner static constructor.
RoslynAnalysisRunner will not be running.
RoslynAnalysisRunner has terminated.
Mono: successfully reloaded assembly
- Completed reload, in  0.772 seconds
Platform modules already initialized, skipping
Switching build target platform(5) subTarget(0) extendedPlatform(0) -> platform(9) subTarget(16777218) extendedPlatform(0)
Refreshing native plugins compatible for Editor in 0.32 ms, found 1 plugins.
Preloading 0 native plugins for Editor in 0.00 ms.
Unloading 1809 Unused Serialized files (Serialized files now loaded: 0)
System memory in use before: 90.9 MB.
System memory in use after: 90.9 MB.

Unloading 12 unused Assets to reduce memory usage. Loaded Objects now: 2336.
Total: 1.903600 ms (FindLiveObjects: 0.257600 ms CreateObjectMapping: 0.082800 ms MarkObjects: 1.386300 ms  DeleteObjects: 0.175900 ms)

AssetImportParameters requested are different than current active one (requested -> active):
  custom:graphics/normal-map-encoding: 01000000000000000000000000000000 -> 02000000000000000000000000000000
========================================================================
Received Prepare
Registering precompiled user dll's ...
Registered in 0.000700 seconds.
Begin MonoManager ReloadAssembly
Native extension for WindowsStandalone target not found
Refreshing native plugins compatible for Editor in 0.31 ms, found 1 plugins.
Preloading 0 native plugins for Editor in 0.00 ms.
Invoked RoslynAnalysisRunner static constructor.
RoslynAnalysisRunner will not be running.
RoslynAnalysisRunner has terminated.
Mono: successfully reloaded assembly
- Completed reload, in  0.747 seconds
Platform modules already initialized, skipping
Switching build target platform(5) subTarget(0) extendedPlatform(0) -> platform(9) subTarget(16777218) extendedPlatform(0)
Refreshing native plugins compatible for Editor in 0.29 ms, found 1 plugins.
Preloading 0 native plugins for Editor in 0.00 ms.
Unloading 1809 Unused Serialized files (Serialized files now loaded: 0)
System memory in use before: 90.9 MB.
System memory in use after: 90.9 MB.

Unloading 12 unused Assets to reduce memory usage. Loaded Objects now: 2340.
Total: 1.650800 ms (FindLiveObjects: 0.190500 ms CreateObjectMapping: 0.074000 ms MarkObjects: 1.302000 ms  DeleteObjects: 0.083500 ms)

AssetImportParameters requested are different than current active one (requested -> active):
  custom:graphics/normal-map-encoding: 01000000000000000000000000000000 -> 02000000000000000000000000000000
========================================================================
Received Prepare
Registering precompiled user dll's ...
Registered in 0.000746 seconds.
Begin MonoManager ReloadAssembly
Native extension for WindowsStandalone target not found
Refreshing native plugins compatible for Editor in 0.32 ms, found 1 plugins.
Preloading 0 native plugins for Editor in 0.00 ms.
Invoked RoslynAnalysisRunner static constructor.
RoslynAnalysisRunner will not be running.
RoslynAnalysisRunner has terminated.
Mono: successfully reloaded assembly
- Completed reload, in  0.779 seconds
Platform modules already initialized, skipping
Switching build target platform(5) subTarget(0) extendedPlatform(0) -> platform(9) subTarget(16777218) extendedPlatform(0)
Refreshing native plugins compatible for Editor in 0.35 ms, found 1 plugins.
Preloading 0 native plugins for Editor in 0.00 ms.
Unloading 1809 Unused Serialized files (Serialized files now loaded: 0)
System memory in use before: 90.9 MB.
System memory in use after: 90.9 MB.

Unloading 12 unused Assets to reduce memory usage. Loaded Objects now: 2344.
Total: 1.651900 ms (FindLiveObjects: 0.177000 ms CreateObjectMapping: 0.060500 ms MarkObjects: 1.249900 ms  DeleteObjects: 0.163400 ms)

AssetImportParameters requested are different than current active one (requested -> active):
  custom:graphics/normal-map-encoding: 01000000000000000000000000000000 -> 02000000000000000000000000000000
========================================================================
Received Prepare
Registering precompiled user dll's ...
Registered in 0.000807 seconds.
Begin MonoManager ReloadAssembly
Native extension for WindowsStandalone target not found
Refreshing native plugins compatible for Editor in 0.34 ms, found 1 plugins.
Preloading 0 native plugins for Editor in 0.00 ms.
Invoked RoslynAnalysisRunner static constructor.
RoslynAnalysisRunner will not be running.
RoslynAnalysisRunner has terminated.
Mono: successfully reloaded assembly
- Completed reload, in  0.832 seconds
Platform modules already initialized, skipping
Switching build target platform(5) subTarget(0) extendedPlatform(0) -> platform(9) subTarget(16777218) extendedPlatform(0)
Refreshing native plugins compatible for Editor in 0.51 ms, found 1 plugins.
Preloading 0 native plugins for Editor in 0.00 ms.
Unloading 1809 Unused Serialized files (Serialized files now loaded: 0)
System memory in use before: 90.9 MB.
System memory in use after: 90.9 MB.

Unloading 12 unused Assets to reduce memory usage. Loaded Objects now: 2348.
Total: 2.198300 ms (FindLiveObjects: 0.176100 ms CreateObjectMapping: 0.111300 ms MarkObjects: 1.785400 ms  DeleteObjects: 0.124400 ms)

AssetImportParameters requested are different than current active one (requested -> active):
  custom:graphics/normal-map-encoding: 01000000000000000000000000000000 -> 02000000000000000000000000000000
========================================================================
Received Import Request.
  Time since last request: 1420.266760 seconds.
  path: Assets/Prefab/2 1.prefab
  artifactKey: Guid(a67f754133d6e304b8ba03490a355638) Importer(815301076,1909f56bfc062723c751e8b465ee728b)
Start importing Assets/Prefab/2 1.prefab using Guid(a67f754133d6e304b8ba03490a355638) Importer(815301076,1909f56bfc062723c751e8b465ee728b)  -> (artifact id: 'f81a287f0d6c1bafdbae0f07fbc7cbf1') in 0.071474 seconds
  Import took 0.074861 seconds .

AssetImportWorkerClient::OnTransportError - code=2 error=End of file
